0 info it worked if it ends with ok
1 verbose cli [ '/usr/local/bin/node',
1 verbose cli   '/usr/local/bin/npm',
1 verbose cli   'i',
1 verbose cli   '-g',
1 verbose cli   'rails@5.0.0' ]
2 info using npm@2.15.8
3 info using node@v4.4.7
4 verbose install initial load of /usr/local/lib/package.json
5 verbose readDependencies loading dependencies from /usr/local/lib/package.json
6 silly cache add args [ 'rails@5.0.0', null ]
7 verbose cache add spec rails@5.0.0
8 silly cache add parsed spec Result {
8 silly cache add   raw: 'rails@5.0.0',
8 silly cache add   scope: null,
8 silly cache add   name: 'rails',
8 silly cache add   rawSpec: '5.0.0',
8 silly cache add   spec: '5.0.0',
8 silly cache add   type: 'version' }
9 silly addNamed rails@5.0.0
10 verbose addNamed "5.0.0" is a plain semver version for rails
11 silly mapToRegistry name rails
12 silly mapToRegistry using default registry
13 silly mapToRegistry registry https://registry.npmjs.org/
14 silly mapToRegistry data Result {
14 silly mapToRegistry   raw: 'rails',
14 silly mapToRegistry   scope: null,
14 silly mapToRegistry   name: 'rails',
14 silly mapToRegistry   rawSpec: '',
14 silly mapToRegistry   spec: 'latest',
14 silly mapToRegistry   type: 'tag' }
15 silly mapToRegistry uri https://registry.npmjs.org/rails
16 verbose addNameVersion registry:https://registry.npmjs.org/rails not in flight; fetching
17 verbose request uri https://registry.npmjs.org/rails
18 verbose request no auth needed
19 info attempt registry request try #1 at 02:30:03
20 verbose request id 803199f4ae2258e1
21 verbose etag "BS9CL5ROO5LLAZRBFN739SMNE"
22 http request GET https://registry.npmjs.org/rails
23 http 304 https://registry.npmjs.org/rails
24 verbose headers { date: 'Sun, 03 Jul 2016 17:29:58 GMT',
24 verbose headers   via: '1.1 varnish',
24 verbose headers   'cache-control': 'max-age=300',
24 verbose headers   etag: '"BS9CL5ROO5LLAZRBFN739SMNE"',
24 verbose headers   age: '0',
24 verbose headers   connection: 'keep-alive',
24 verbose headers   'x-served-by': 'cache-nrt6127-NRT',
24 verbose headers   'x-cache': 'HIT',
24 verbose headers   'x-cache-hits': '1',
24 verbose headers   'x-timer': 'S1467566998.931973,VS0,VE698',
24 verbose headers   vary: 'Accept-Encoding' }
25 silly get cb [ 304,
25 silly get   { date: 'Sun, 03 Jul 2016 17:29:58 GMT',
25 silly get     via: '1.1 varnish',
25 silly get     'cache-control': 'max-age=300',
25 silly get     etag: '"BS9CL5ROO5LLAZRBFN739SMNE"',
25 silly get     age: '0',
25 silly get     connection: 'keep-alive',
25 silly get     'x-served-by': 'cache-nrt6127-NRT',
25 silly get     'x-cache': 'HIT',
25 silly get     'x-cache-hits': '1',
25 silly get     'x-timer': 'S1467566998.931973,VS0,VE698',
25 silly get     vary: 'Accept-Encoding' } ]
26 verbose etag https://registry.npmjs.org/rails from cache
27 verbose get saving rails to /Users/Yuta/.npm/registry.npmjs.org/rails/.cache.json
28 verbose correctMkdir /Users/Yuta/.npm correctMkdir not in flight; initializing
29 verbose stack Error: version not found: rails@5.0.0
29 verbose stack     at setData (/usr/local/lib/node_modules/npm/lib/cache/add-named.js:137:12)
29 verbose stack     at RES (/usr/local/lib/node_modules/npm/node_modules/inflight/inflight.js:23:14)
29 verbose stack     at f (/usr/local/lib/node_modules/npm/node_modules/once/once.js:17:25)
29 verbose stack     at fixName (/usr/local/lib/node_modules/npm/lib/cache/add-named.js:29:5)
29 verbose stack     at saved (/usr/local/lib/node_modules/npm/lib/cache/caching-client.js:173:7)
29 verbose stack     at /usr/local/lib/node_modules/npm/node_modules/graceful-fs/polyfills.js:210:7
29 verbose stack     at FSReqWrap.oncomplete (fs.js:82:15)
30 verbose statusCode 404
31 verbose cwd /Users/Yuta/dev/compose_rails/web
32 error Darwin 15.5.0
33 error argv "/usr/local/bin/node" "/usr/local/bin/npm" "i" "-g" "rails@5.0.0"
34 error node v4.4.7
35 error npm  v2.15.8
36 error version not found: rails@5.0.0
37 error If you need help, you may report this error at:
37 error     <https://github.com/npm/npm/issues>
38 verbose exit [ 1, true ]
